2025-09-10 13:41:22 [DEBUG]: Modelo Zona importado
2025-09-10 13:41:22 [DEBUG]: Modelo TipoActividad importado
2025-09-10 13:41:22 [DEBUG]: Modelo Estado importado
2025-09-10 13:41:22 [DEBUG]: Modelo EstadoEspacio importado
2025-09-10 13:41:22 [DEBUG]: Modelo EstadoRecurso importado
2025-09-10 13:41:22 [DEBUG]: Modelo Recurso importado
2025-09-10 13:41:22 [DEBUG]: Modelo Responsable importado
2025-09-10 13:41:22 [DEBUG]: Modelo Usuario importado
2025-09-10 13:41:22 [DEBUG]: Modelo Espacio importado
2025-09-10 13:41:22 [DEBUG]: Modelo TipoReserva importado
2025-09-10 13:41:22 [DEBUG]: Modelo Reserva importado
2025-09-10 13:41:22 [DEBUG]: Modelo TipoActividadResponsable importado
2025-09-10 13:41:22 [DEBUG]: Modelo TipoActividadEspacio importado
2025-09-10 13:41:22 [DEBUG]: Modelo EspacioRecurso importado
2025-09-10 13:41:23 [DEBUG]: Asociaciones de modelos definidas
2025-09-10 13:41:23 [DEBUG]: SQL:
2025-09-10 13:41:23 [DEBUG]: SQL:
2025-09-10 13:41:23 [DEBUG]: SQL:
2025-09-10 13:41:23 [DEBUG]: SQL:
2025-09-10 13:41:23 [DEBUG]: SQL:
2025-09-10 13:41:23 [DEBUG]: SQL:
2025-09-10 13:41:23 [DEBUG]: SQL:
2025-09-10 13:41:23 [DEBUG]: SQL:
2025-09-10 13:41:23 [DEBUG]: SQL:
2025-09-10 13:41:23 [DEBUG]: SQL:
2025-09-10 13:41:23 [DEBUG]: SQL:
2025-09-10 13:41:23 [DEBUG]: SQL:
2025-09-10 13:41:23 [DEBUG]: SQL:
2025-09-10 13:41:23 [DEBUG]: SQL:
2025-09-10 13:41:23 [DEBUG]: SQL:
2025-09-10 13:41:23 [DEBUG]: SQL:
2025-09-10 13:41:23 [DEBUG]: SQL:
2025-09-10 13:41:23 [DEBUG]: SQL:
2025-09-10 13:41:23 [DEBUG]: SQL:
2025-09-10 13:41:23 [DEBUG]: SQL:
2025-09-10 13:41:23 [DEBUG]: SQL:
2025-09-10 13:41:23 [DEBUG]: SQL:
2025-09-10 13:41:23 [DEBUG]: SQL:
2025-09-10 13:41:23 [DEBUG]: SQL:
2025-09-10 13:41:23 [DEBUG]: SQL:
2025-09-10 13:41:23 [DEBUG]: SQL:
2025-09-10 13:41:23 [DEBUG]: SQL:
2025-09-10 13:41:23 [DEBUG]: SQL:
2025-09-10 13:41:23 [DEBUG]: SQL:
2025-09-10 13:41:23 [DEBUG]: SQL:
2025-09-10 13:41:23 [DEBUG]: SQL:
2025-09-10 13:41:23 [DEBUG]: SQL:
2025-09-10 13:41:23 [DEBUG]: SQL:
2025-09-10 13:41:23 [DEBUG]: SQL:
2025-09-10 13:41:23 [DEBUG]: SQL:
2025-09-10 13:41:23 [DEBUG]: SQL:
2025-09-10 13:41:23 [DEBUG]: SQL:
2025-09-10 13:41:23 [DEBUG]: SQL:
2025-09-10 13:41:23 [DEBUG]: SQL:
2025-09-10 13:41:23 [DEBUG]: SQL:
2025-09-10 13:41:23 [DEBUG]: SQL:
2025-09-10 13:41:23 [DEBUG]: SQL:
2025-09-10 13:41:23 [DEBUG]: SQL:
2025-09-10 13:41:23 [DEBUG]: SQL:
2025-09-10 13:41:23 [DEBUG]: SQL:
2025-09-10 13:41:23 [DEBUG]: SQL:
2025-09-10 13:41:23 [DEBUG]: SQL:
2025-09-10 13:41:23 [DEBUG]: SQL:
2025-09-10 13:41:23 [DEBUG]: SQL:
2025-09-10 13:41:23 [DEBUG]: SQL:
2025-09-10 13:41:23 [DEBUG]: SQL:
2025-09-10 13:41:23 [DEBUG]: SQL:
2025-09-10 13:41:23 [DEBUG]: SQL:
2025-09-10 13:41:23 [DEBUG]: SQL:
2025-09-10 13:41:23 [DEBUG]: SQL:
2025-09-10 13:41:23 [DEBUG]: SQL:
2025-09-10 13:41:23 [DEBUG]: SQL:
2025-09-10 13:41:23 [DEBUG]: SQL:
2025-09-10 13:41:23 [DEBUG]: SQL:
2025-09-10 13:41:23 [DEBUG]: SQL:
2025-09-10 13:41:23 [DEBUG]: SQL:
2025-09-10 13:41:23 [DEBUG]: SQL:
2025-09-10 13:41:23 [DEBUG]: SQL:
2025-09-10 13:41:23 [DEBUG]: SQL:
2025-09-10 13:41:23 [DEBUG]: SQL:
2025-09-10 13:41:23 [DEBUG]: SQL:
2025-09-10 13:41:23 [DEBUG]: SQL:
2025-09-10 13:41:23 [DEBUG]: SQL:
2025-09-10 13:41:23 [DEBUG]: SQL:
2025-09-10 13:41:23 [DEBUG]: SQL:
2025-09-10 13:41:23 [DEBUG]: SQL:
2025-09-10 13:41:23 [DEBUG]: SQL:
2025-09-10 13:41:23 [DEBUG]: SQL:
2025-09-10 13:41:23 [DEBUG]: SQL:
2025-09-10 13:41:23 [DEBUG]: SQL:
2025-09-10 13:41:23 [DEBUG]: SQL:
2025-09-10 13:41:23 [DEBUG]: SQL:
2025-09-10 13:41:23 [DEBUG]: SQL:
2025-09-10 13:41:23 [DEBUG]: SQL:
2025-09-10 13:41:23 [DEBUG]: SQL:
2025-09-10 13:41:23 [DEBUG]: SQL:
2025-09-10 13:41:23 [DEBUG]: SQL:
2025-09-10 13:41:23 [DEBUG]: SQL:
2025-09-10 13:41:23 [DEBUG]: SQL:
2025-09-10 13:41:23 [DEBUG]: SQL:
2025-09-10 13:41:23 [DEBUG]: SQL:
2025-09-10 13:41:23 [DEBUG]: SQL:
2025-09-10 13:41:23 [DEBUG]: SQL:
2025-09-10 13:41:23 [DEBUG]: SQL:
2025-09-10 13:41:23 [DEBUG]: SQL:
2025-09-10 13:41:23 [DEBUG]: SQL:
2025-09-10 13:41:23 [DEBUG]: SQL:
2025-09-10 13:41:23 [DEBUG]: SQL:
2025-09-10 13:41:23 [DEBUG]: SQL:
2025-09-10 13:41:23 [DEBUG]: SQL:
2025-09-10 13:41:23 [DEBUG]: SQL:
2025-09-10 13:41:23 [DEBUG]: SQL:
2025-09-10 13:41:23 [DEBUG]: SQL:
2025-09-10 13:41:23 [DEBUG]: SQL:
2025-09-10 13:41:23 [DEBUG]: SQL:
2025-09-10 13:41:23 [DEBUG]: SQL:
2025-09-10 13:41:23 [DEBUG]: SQL:
2025-09-10 13:41:23 [DEBUG]: SQL:
2025-09-10 13:41:23 [DEBUG]: SQL:
2025-09-10 13:41:23 [DEBUG]: SQL:
2025-09-10 13:41:23 [DEBUG]: SQL:
2025-09-10 13:41:23 [DEBUG]: SQL:
2025-09-10 13:41:23 [DEBUG]: SQL:
2025-09-10 13:41:23 [DEBUG]: SQL:
2025-09-10 13:41:23 [DEBUG]: SQL:
2025-09-10 13:41:23 [DEBUG]: SQL:
2025-09-10 13:41:23 [DEBUG]: SQL:
2025-09-10 13:41:23 [DEBUG]: SQL:
2025-09-10 13:41:23 [DEBUG]: SQL:
2025-09-10 13:41:23 [DEBUG]: SQL:
2025-09-10 13:41:23 [DEBUG]: SQL:
2025-09-10 13:41:23 [DEBUG]: SQL:
2025-09-10 13:41:23 [DEBUG]: SQL:
2025-09-10 13:41:23 [DEBUG]: SQL:
2025-09-10 13:41:23 [DEBUG]: SQL:
2025-09-10 13:41:23 [DEBUG]: SQL:
2025-09-10 13:41:23 [DEBUG]: SQL:
2025-09-10 13:41:23 [DEBUG]: SQL:
2025-09-10 13:41:23 [DEBUG]: SQL:
2025-09-10 13:41:23 [DEBUG]: SQL:
2025-09-10 13:41:23 [DEBUG]: SQL:
2025-09-10 13:41:23 [DEBUG]: SQL:
2025-09-10 13:41:23 [DEBUG]: SQL:
2025-09-10 13:41:23 [DEBUG]: SQL:
2025-09-10 13:41:23 [DEBUG]: SQL:
2025-09-10 13:41:23 [DEBUG]: SQL:
2025-09-10 13:41:23 [DEBUG]: SQL:
2025-09-10 13:41:23 [DEBUG]: SQL:
2025-09-10 13:41:23 [DEBUG]: SQL:
2025-09-10 13:41:23 [DEBUG]: SQL:
2025-09-10 13:41:23 [DEBUG]: SQL:
2025-09-10 13:41:23 [DEBUG]: SQL:
2025-09-10 13:41:23 [DEBUG]: SQL:
2025-09-10 13:41:23 [DEBUG]: SQL:
2025-09-10 13:41:23 [DEBUG]: SQL:
2025-09-10 13:41:23 [DEBUG]: SQL:
2025-09-10 13:41:23 [DEBUG]: SQL:
2025-09-10 13:41:23 [DEBUG]: SQL:
2025-09-10 13:41:23 [DEBUG]: SQL:
2025-09-10 13:41:23 [DEBUG]: SQL:
2025-09-10 13:41:23 [DEBUG]: SQL:
2025-09-10 13:41:23 [DEBUG]: SQL:
2025-09-10 13:41:23 [DEBUG]: SQL:
2025-09-10 13:41:23 [DEBUG]: SQL:
2025-09-10 13:41:23 [DEBUG]: SQL:
2025-09-10 13:41:23 [DEBUG]: SQL:
2025-09-10 13:41:23 [INFO]: ✅ Datos iniciales insertados en SQLite
2025-09-10 13:41:23 [INFO]: ✅ SQLite inicializado correctamente
2025-09-10 13:41:23 [INFO]: ✅ Base de datos SQLITE inicializada correctamente
2025-09-10 13:41:23 [DEBUG]: Modelo Zona importado
2025-09-10 13:41:23 [DEBUG]: Modelo TipoActividad importado
2025-09-10 13:41:23 [DEBUG]: Modelo Estado importado
2025-09-10 13:41:23 [DEBUG]: Modelo EstadoEspacio importado
2025-09-10 13:41:23 [DEBUG]: Modelo EstadoRecurso importado
2025-09-10 13:41:23 [DEBUG]: Modelo Recurso importado
2025-09-10 13:41:23 [DEBUG]: Modelo Responsable importado
2025-09-10 13:41:23 [DEBUG]: Modelo Usuario importado
2025-09-10 13:41:23 [DEBUG]: Modelo Espacio importado
2025-09-10 13:41:23 [DEBUG]: Modelo TipoReserva importado
2025-09-10 13:41:23 [DEBUG]: Modelo Reserva importado
2025-09-10 13:41:23 [DEBUG]: Modelo TipoActividadResponsable importado
2025-09-10 13:41:23 [DEBUG]: Modelo TipoActividadEspacio importado
2025-09-10 13:41:23 [DEBUG]: Modelo EspacioRecurso importado
2025-09-10 13:41:23 [DEBUG]: Asociaciones de modelos definidas
2025-09-10 13:41:23 [DEBUG]: SQL:
2025-09-10 13:41:23 [DEBUG]: SQL:
2025-09-10 13:41:23 [DEBUG]: SQL:
2025-09-10 13:41:23 [DEBUG]: SQL:
2025-09-10 13:41:23 [DEBUG]: SQL:
2025-09-10 13:41:23 [DEBUG]: SQL:
2025-09-10 13:41:23 [DEBUG]: SQL:
2025-09-10 13:41:23 [DEBUG]: SQL:
2025-09-10 13:41:23 [DEBUG]: SQL:
2025-09-10 13:41:23 [DEBUG]: SQL:
2025-09-10 13:41:23 [DEBUG]: SQL:
2025-09-10 13:41:23 [DEBUG]: SQL:
2025-09-10 13:41:23 [DEBUG]: SQL:
2025-09-10 13:41:23 [DEBUG]: SQL:
2025-09-10 13:41:23 [DEBUG]: SQL:
2025-09-10 13:41:23 [DEBUG]: SQL:
2025-09-10 13:41:23 [DEBUG]: SQL:
2025-09-10 13:41:23 [DEBUG]: SQL:
2025-09-10 13:41:23 [DEBUG]: SQL:
2025-09-10 13:41:23 [DEBUG]: SQL:
2025-09-10 13:41:23 [DEBUG]: SQL:
2025-09-10 13:41:23 [DEBUG]: SQL:
2025-09-10 13:41:23 [DEBUG]: SQL:
2025-09-10 13:41:23 [DEBUG]: SQL:
2025-09-10 13:41:23 [DEBUG]: SQL:
2025-09-10 13:41:23 [DEBUG]: SQL:
2025-09-10 13:41:23 [DEBUG]: SQL:
2025-09-10 13:41:23 [DEBUG]: SQL:
2025-09-10 13:41:23 [DEBUG]: SQL:
2025-09-10 13:41:23 [DEBUG]: SQL:
2025-09-10 13:41:23 [DEBUG]: SQL:
2025-09-10 13:41:23 [DEBUG]: SQL:
2025-09-10 13:41:23 [DEBUG]: SQL:
2025-09-10 13:41:23 [DEBUG]: SQL:
2025-09-10 13:41:23 [DEBUG]: SQL:
2025-09-10 13:41:23 [DEBUG]: SQL:
2025-09-10 13:41:23 [DEBUG]: SQL:
2025-09-10 13:41:23 [DEBUG]: SQL:
2025-09-10 13:41:23 [DEBUG]: SQL:
2025-09-10 13:41:23 [DEBUG]: SQL:
2025-09-10 13:41:23 [DEBUG]: SQL:
2025-09-10 13:41:23 [DEBUG]: SQL:
2025-09-10 13:41:23 [DEBUG]: SQL:
2025-09-10 13:41:23 [DEBUG]: SQL:
2025-09-10 13:41:23 [DEBUG]: SQL:
2025-09-10 13:41:23 [DEBUG]: SQL:
2025-09-10 13:41:23 [DEBUG]: SQL:
2025-09-10 13:41:23 [DEBUG]: SQL:
2025-09-10 13:41:23 [DEBUG]: SQL:
2025-09-10 13:41:23 [DEBUG]: SQL:
2025-09-10 13:41:23 [DEBUG]: SQL:
2025-09-10 13:41:23 [DEBUG]: SQL:
2025-09-10 13:41:23 [DEBUG]: SQL:
2025-09-10 13:41:23 [DEBUG]: SQL:
2025-09-10 13:41:23 [DEBUG]: SQL:
2025-09-10 13:41:23 [DEBUG]: SQL:
2025-09-10 13:41:23 [DEBUG]: SQL:
2025-09-10 13:41:23 [DEBUG]: SQL:
2025-09-10 13:41:23 [DEBUG]: SQL:
2025-09-10 13:41:23 [DEBUG]: SQL:
2025-09-10 13:41:23 [DEBUG]: SQL:
2025-09-10 13:41:23 [DEBUG]: SQL:
2025-09-10 13:41:23 [DEBUG]: SQL:
2025-09-10 13:41:23 [DEBUG]: SQL:
2025-09-10 13:41:23 [DEBUG]: SQL:
2025-09-10 13:41:23 [DEBUG]: SQL:
2025-09-10 13:41:23 [DEBUG]: SQL:
2025-09-10 13:41:23 [DEBUG]: SQL:
2025-09-10 13:41:23 [DEBUG]: SQL:
2025-09-10 13:41:23 [DEBUG]: SQL:
2025-09-10 13:41:23 [DEBUG]: SQL:
2025-09-10 13:41:23 [DEBUG]: SQL:
2025-09-10 13:41:23 [DEBUG]: SQL:
2025-09-10 13:41:23 [DEBUG]: SQL:
2025-09-10 13:41:23 [DEBUG]: SQL:
2025-09-10 13:41:23 [DEBUG]: SQL:
2025-09-10 13:41:23 [DEBUG]: SQL:
2025-09-10 13:41:23 [DEBUG]: SQL:
2025-09-10 13:41:23 [DEBUG]: SQL:
2025-09-10 13:41:23 [DEBUG]: SQL:
2025-09-10 13:41:23 [DEBUG]: SQL:
2025-09-10 13:41:23 [DEBUG]: SQL:
2025-09-10 13:41:23 [DEBUG]: SQL:
2025-09-10 13:41:23 [DEBUG]: SQL:
2025-09-10 13:41:23 [DEBUG]: SQL:
2025-09-10 13:41:23 [DEBUG]: SQL:
2025-09-10 13:41:23 [DEBUG]: SQL:
2025-09-10 13:41:23 [DEBUG]: SQL:
2025-09-10 13:41:23 [DEBUG]: SQL:
2025-09-10 13:41:23 [DEBUG]: SQL:
2025-09-10 13:41:23 [DEBUG]: SQL:
2025-09-10 13:41:23 [DEBUG]: SQL:
2025-09-10 13:41:23 [DEBUG]: SQL:
2025-09-10 13:41:23 [DEBUG]: SQL:
2025-09-10 13:41:23 [DEBUG]: SQL:
2025-09-10 13:41:23 [DEBUG]: SQL:
2025-09-10 13:41:23 [DEBUG]: SQL:
2025-09-10 13:41:23 [DEBUG]: SQL:
2025-09-10 13:41:23 [DEBUG]: SQL:
2025-09-10 13:41:23 [DEBUG]: SQL:
2025-09-10 13:41:23 [DEBUG]: SQL:
2025-09-10 13:41:23 [DEBUG]: SQL:
2025-09-10 13:41:23 [DEBUG]: SQL:
2025-09-10 13:41:23 [DEBUG]: SQL:
2025-09-10 13:41:23 [DEBUG]: SQL:
2025-09-10 13:41:23 [DEBUG]: SQL:
2025-09-10 13:41:23 [DEBUG]: SQL:
2025-09-10 13:41:23 [DEBUG]: SQL:
2025-09-10 13:41:23 [DEBUG]: SQL:
2025-09-10 13:41:23 [DEBUG]: SQL:
2025-09-10 13:41:23 [DEBUG]: SQL:
2025-09-10 13:41:23 [DEBUG]: SQL:
2025-09-10 13:41:23 [DEBUG]: SQL:
2025-09-10 13:41:23 [DEBUG]: SQL:
2025-09-10 13:41:23 [DEBUG]: SQL:
2025-09-10 13:41:23 [DEBUG]: SQL:
2025-09-10 13:41:23 [DEBUG]: SQL:
2025-09-10 13:41:23 [DEBUG]: SQL:
2025-09-10 13:41:23 [DEBUG]: SQL:
2025-09-10 13:41:23 [DEBUG]: SQL:
2025-09-10 13:41:23 [DEBUG]: SQL:
2025-09-10 13:41:23 [DEBUG]: SQL:
2025-09-10 13:41:23 [DEBUG]: SQL:
2025-09-10 13:41:23 [DEBUG]: SQL:
2025-09-10 13:41:23 [DEBUG]: SQL:
2025-09-10 13:41:23 [DEBUG]: SQL:
2025-09-10 13:41:23 [DEBUG]: SQL:
2025-09-10 13:41:23 [DEBUG]: SQL:
2025-09-10 13:41:23 [DEBUG]: SQL:
2025-09-10 13:41:23 [DEBUG]: SQL:
2025-09-10 13:41:23 [DEBUG]: SQL:
2025-09-10 13:41:23 [DEBUG]: SQL:
2025-09-10 13:41:23 [DEBUG]: SQL:
2025-09-10 13:41:23 [DEBUG]: SQL:
2025-09-10 13:41:23 [DEBUG]: SQL:
2025-09-10 13:41:23 [DEBUG]: SQL:
2025-09-10 13:41:23 [DEBUG]: SQL:
2025-09-10 13:41:23 [DEBUG]: SQL:
2025-09-10 13:41:23 [DEBUG]: SQL:
2025-09-10 13:41:23 [DEBUG]: SQL:
2025-09-10 13:41:23 [DEBUG]: SQL:
2025-09-10 13:41:23 [DEBUG]: SQL:
2025-09-10 13:41:23 [DEBUG]: SQL:
2025-09-10 13:41:23 [DEBUG]: SQL:
2025-09-10 13:41:23 [DEBUG]: SQL:
2025-09-10 13:41:23 [DEBUG]: SQL:
2025-09-10 13:41:23 [DEBUG]: SQL:
2025-09-10 13:41:23 [DEBUG]: SQL:
2025-09-10 13:41:23 [DEBUG]: SQL:
2025-09-10 13:41:23 [DEBUG]: SQL:
2025-09-10 13:41:23 [DEBUG]: SQL:
2025-09-10 13:41:23 [DEBUG]: SQL:
2025-09-10 13:41:23 [DEBUG]: SQL:
2025-09-10 13:41:23 [DEBUG]: SQL:
2025-09-10 13:41:23 [DEBUG]: SQL:
2025-09-10 13:41:23 [DEBUG]: SQL:
2025-09-10 13:41:23 [DEBUG]: SQL:
2025-09-10 13:41:23 [DEBUG]: SQL:
2025-09-10 13:41:23 [DEBUG]: SQL:
2025-09-10 13:41:23 [DEBUG]: SQL:
2025-09-10 13:41:23 [DEBUG]: SQL:
2025-09-10 13:41:23 [DEBUG]: SQL:
2025-09-10 13:41:23 [DEBUG]: SQL:
2025-09-10 13:41:23 [DEBUG]: SQL:
2025-09-10 13:41:23 [DEBUG]: SQL:
2025-09-10 13:41:23 [DEBUG]: SQL:
2025-09-10 13:41:23 [DEBUG]: SQL:
2025-09-10 13:41:23 [DEBUG]: SQL:
2025-09-10 13:41:23 [DEBUG]: SQL:
2025-09-10 13:41:23 [DEBUG]: SQL:
2025-09-10 13:41:23 [DEBUG]: SQL:
2025-09-10 13:41:23 [DEBUG]: SQL:
2025-09-10 13:41:23 [DEBUG]: SQL:
2025-09-10 13:41:23 [DEBUG]: SQL:
2025-09-10 13:41:23 [DEBUG]: SQL:
2025-09-10 13:41:23 [DEBUG]: SQL:
2025-09-10 13:41:23 [DEBUG]: SQL:
2025-09-10 13:41:23 [DEBUG]: SQL:
2025-09-10 13:41:23 [DEBUG]: SQL:
2025-09-10 13:41:23 [DEBUG]: SQL:
2025-09-10 13:41:23 [DEBUG]: SQL:
2025-09-10 13:41:23 [DEBUG]: SQL:
2025-09-10 13:41:23 [DEBUG]: SQL:
2025-09-10 13:41:23 [DEBUG]: SQL:
2025-09-10 13:41:23 [DEBUG]: SQL:
2025-09-10 13:41:23 [DEBUG]: SQL:
2025-09-10 13:41:23 [DEBUG]: SQL:
2025-09-10 13:41:23 [DEBUG]: SQL:
2025-09-10 13:41:23 [DEBUG]: SQL:
2025-09-10 13:41:23 [DEBUG]: SQL:
2025-09-10 13:41:23 [DEBUG]: SQL:
2025-09-10 13:41:23 [DEBUG]: SQL:
2025-09-10 13:41:23 [DEBUG]: SQL:
2025-09-10 13:41:23 [DEBUG]: SQL:
2025-09-10 13:41:23 [DEBUG]: SQL:
2025-09-10 13:41:23 [DEBUG]: SQL:
2025-09-10 13:41:23 [DEBUG]: SQL:
2025-09-10 13:41:23 [DEBUG]: SQL:
2025-09-10 13:41:23 [DEBUG]: SQL:
2025-09-10 13:41:23 [DEBUG]: SQL:
2025-09-10 13:41:23 [DEBUG]: SQL:
2025-09-10 13:41:23 [DEBUG]: SQL:
2025-09-10 13:41:23 [DEBUG]: SQL:
2025-09-10 13:41:23 [DEBUG]: SQL:
2025-09-10 13:41:23 [DEBUG]: SQL:
2025-09-10 13:41:23 [DEBUG]: SQL:
2025-09-10 13:41:23 [DEBUG]: SQL:
2025-09-10 13:41:23 [DEBUG]: SQL:
2025-09-10 13:41:23 [DEBUG]: SQL:
2025-09-10 13:41:23 [DEBUG]: SQL:
2025-09-10 13:41:23 [DEBUG]: SQL:
2025-09-10 13:41:23 [DEBUG]: SQL:
2025-09-10 13:41:23 [DEBUG]: SQL:
2025-09-10 13:41:23 [DEBUG]: SQL:
2025-09-10 13:41:23 [DEBUG]: SQL:
2025-09-10 13:41:23 [DEBUG]: SQL:
2025-09-10 13:41:23 [DEBUG]: SQL:
2025-09-10 13:41:23 [DEBUG]: SQL:
2025-09-10 13:41:23 [DEBUG]: SQL:
2025-09-10 13:41:23 [DEBUG]: SQL:
2025-09-10 13:41:23 [DEBUG]: SQL:
2025-09-10 13:41:23 [DEBUG]: SQL:
2025-09-10 13:41:23 [DEBUG]: SQL:
2025-09-10 13:41:23 [DEBUG]: SQL:
2025-09-10 13:41:23 [DEBUG]: SQL:
2025-09-10 13:41:23 [DEBUG]: SQL:
2025-09-10 13:41:23 [DEBUG]: SQL:
2025-09-10 13:41:23 [DEBUG]: SQL:
2025-09-10 13:41:23 [DEBUG]: SQL:
2025-09-10 13:41:23 [DEBUG]: SQL:
2025-09-10 13:41:23 [DEBUG]: SQL:
2025-09-10 13:41:23 [DEBUG]: SQL:
2025-09-10 13:41:23 [DEBUG]: SQL:
2025-09-10 13:41:23 [DEBUG]: SQL:
2025-09-10 13:41:23 [DEBUG]: SQL:
2025-09-10 13:41:23 [DEBUG]: SQL:
2025-09-10 13:41:23 [DEBUG]: SQL:
2025-09-10 13:41:23 [DEBUG]: SQL:
2025-09-10 13:41:23 [DEBUG]: SQL:
2025-09-10 13:41:23 [DEBUG]: SQL:
2025-09-10 13:41:23 [DEBUG]: SQL:
2025-09-10 13:41:23 [DEBUG]: SQL:
2025-09-10 13:41:23 [DEBUG]: SQL:
2025-09-10 13:41:23 [DEBUG]: SQL:
2025-09-10 13:41:23 [DEBUG]: SQL:
2025-09-10 13:41:23 [DEBUG]: SQL:
2025-09-10 13:41:23 [DEBUG]: SQL:
2025-09-10 13:41:23 [DEBUG]: SQL:
2025-09-10 13:41:23 [DEBUG]: SQL:
2025-09-10 13:41:23 [DEBUG]: SQL:
2025-09-10 13:41:23 [DEBUG]: SQL:
2025-09-10 13:41:23 [DEBUG]: SQL:
2025-09-10 13:41:23 [DEBUG]: SQL:
2025-09-10 13:41:23 [DEBUG]: SQL:
2025-09-10 13:41:23 [DEBUG]: SQL:
2025-09-10 13:41:23 [DEBUG]: SQL:
2025-09-10 13:41:23 [DEBUG]: SQL:
2025-09-10 13:41:23 [DEBUG]: SQL:
2025-09-10 13:41:23 [DEBUG]: SQL:
2025-09-10 13:41:23 [DEBUG]: SQL:
2025-09-10 13:41:23 [DEBUG]: SQL:
2025-09-10 13:41:23 [DEBUG]: SQL:
2025-09-10 13:41:23 [DEBUG]: SQL:
2025-09-10 13:41:23 [DEBUG]: SQL:
2025-09-10 13:41:23 [DEBUG]: SQL:
2025-09-10 13:41:23 [DEBUG]: SQL:
2025-09-10 13:41:23 [DEBUG]: SQL:
2025-09-10 13:41:23 [DEBUG]: SQL:
2025-09-10 13:41:23 [DEBUG]: SQL:
2025-09-10 13:41:23 [DEBUG]: SQL:
2025-09-10 13:41:23 [DEBUG]: SQL:
2025-09-10 13:41:23 [DEBUG]: SQL:
2025-09-10 13:41:23 [DEBUG]: SQL:
2025-09-10 13:41:23 [DEBUG]: SQL:
2025-09-10 13:41:23 [DEBUG]: SQL:
2025-09-10 13:41:23 [DEBUG]: SQL:
2025-09-10 13:41:23 [DEBUG]: SQL:
2025-09-10 13:41:23 [DEBUG]: SQL:
2025-09-10 13:41:24 [DEBUG]: SQL:
2025-09-10 13:41:24 [DEBUG]: SQL:
2025-09-10 13:41:24 [DEBUG]: SQL:
2025-09-10 13:41:24 [DEBUG]: SQL:
2025-09-10 13:41:24 [DEBUG]: SQL:
2025-09-10 13:41:24 [DEBUG]: SQL:
2025-09-10 13:41:24 [DEBUG]: SQL:
2025-09-10 13:41:24 [DEBUG]: SQL:
2025-09-10 13:41:24 [DEBUG]: SQL:
2025-09-10 13:41:24 [DEBUG]: SQL:
2025-09-10 13:41:24 [DEBUG]: SQL:
2025-09-10 13:41:24 [DEBUG]: SQL:
2025-09-10 13:41:24 [DEBUG]: SQL:
2025-09-10 13:41:24 [DEBUG]: SQL:
2025-09-10 13:41:24 [DEBUG]: SQL:
2025-09-10 13:41:24 [DEBUG]: SQL:
2025-09-10 13:41:24 [DEBUG]: SQL:
2025-09-10 13:41:24 [DEBUG]: SQL:
2025-09-10 13:41:24 [DEBUG]: SQL:
2025-09-10 13:41:24 [DEBUG]: SQL:
2025-09-10 13:41:24 [DEBUG]: SQL:
2025-09-10 13:41:24 [DEBUG]: SQL:
2025-09-10 13:41:24 [DEBUG]: SQL:
2025-09-10 13:41:24 [DEBUG]: SQL:
2025-09-10 13:41:24 [DEBUG]: SQL:
2025-09-10 13:41:24 [DEBUG]: SQL:
2025-09-10 13:41:24 [DEBUG]: SQL:
2025-09-10 13:41:24 [DEBUG]: SQL:
2025-09-10 13:41:24 [DEBUG]: SQL:
2025-09-10 13:41:24 [DEBUG]: SQL:
2025-09-10 13:41:24 [DEBUG]: SQL:
2025-09-10 13:41:24 [DEBUG]: SQL:
2025-09-10 13:41:24 [DEBUG]: SQL:
2025-09-10 13:41:24 [DEBUG]: SQL:
2025-09-10 13:41:24 [DEBUG]: SQL:
2025-09-10 13:41:24 [DEBUG]: SQL:
2025-09-10 13:41:24 [DEBUG]: SQL:
2025-09-10 13:41:24 [DEBUG]: SQL:
2025-09-10 13:41:24 [DEBUG]: SQL:
2025-09-10 13:41:24 [DEBUG]: SQL:
2025-09-10 13:41:24 [DEBUG]: SQL:
2025-09-10 13:41:24 [DEBUG]: SQL:
2025-09-10 13:41:24 [DEBUG]: SQL:
2025-09-10 13:41:24 [DEBUG]: SQL:
2025-09-10 13:41:24 [DEBUG]: SQL:
2025-09-10 13:41:24 [DEBUG]: SQL:
2025-09-10 13:41:24 [DEBUG]: SQL:
2025-09-10 13:41:24 [DEBUG]: SQL:
2025-09-10 13:41:24 [DEBUG]: SQL:
2025-09-10 13:41:24 [DEBUG]: SQL:
2025-09-10 13:41:24 [DEBUG]: SQL:
2025-09-10 13:41:24 [DEBUG]: SQL:
2025-09-10 13:41:24 [DEBUG]: SQL:
2025-09-10 13:41:24 [DEBUG]: SQL:
2025-09-10 13:41:24 [DEBUG]: SQL:
2025-09-10 13:41:24 [DEBUG]: SQL:
2025-09-10 13:41:24 [DEBUG]: SQL:
2025-09-10 13:41:24 [DEBUG]: SQL:
2025-09-10 13:41:24 [DEBUG]: SQL:
2025-09-10 13:41:24 [DEBUG]: SQL:
2025-09-10 13:41:24 [DEBUG]: SQL:
2025-09-10 13:41:24 [DEBUG]: SQL:
2025-09-10 13:41:24 [DEBUG]: SQL:
2025-09-10 13:41:24 [DEBUG]: SQL:
2025-09-10 13:41:24 [DEBUG]: SQL:
2025-09-10 13:41:24 [DEBUG]: SQL:
2025-09-10 13:41:24 [DEBUG]: SQL:
2025-09-10 13:41:24 [DEBUG]: SQL:
2025-09-10 13:41:24 [DEBUG]: SQL:
2025-09-10 13:41:24 [DEBUG]: SQL:
2025-09-10 13:41:24 [DEBUG]: SQL:
2025-09-10 13:41:24 [DEBUG]: SQL:
2025-09-10 13:41:24 [DEBUG]: SQL:
2025-09-10 13:41:24 [DEBUG]: SQL:
2025-09-10 13:41:24 [DEBUG]: SQL:
2025-09-10 13:41:24 [DEBUG]: SQL:
2025-09-10 13:41:24 [DEBUG]: SQL:
2025-09-10 13:41:24 [DEBUG]: SQL:
2025-09-10 13:41:24 [DEBUG]: SQL:
2025-09-10 13:41:24 [DEBUG]: SQL:
2025-09-10 13:41:24 [DEBUG]: SQL:
2025-09-10 13:41:24 [DEBUG]: SQL:
2025-09-10 13:41:24 [DEBUG]: SQL:
2025-09-10 13:41:24 [DEBUG]: SQL:
2025-09-10 13:41:24 [DEBUG]: SQL:
2025-09-10 13:41:24 [DEBUG]: SQL:
2025-09-10 13:41:24 [DEBUG]: SQL:
2025-09-10 13:41:24 [DEBUG]: SQL:
2025-09-10 13:41:24 [DEBUG]: SQL:
2025-09-10 13:41:24 [DEBUG]: SQL:
2025-09-10 13:41:24 [DEBUG]: SQL:
2025-09-10 13:41:24 [DEBUG]: SQL:
2025-09-10 13:41:24 [DEBUG]: SQL:
2025-09-10 13:41:24 [DEBUG]: SQL:
2025-09-10 13:41:24 [DEBUG]: SQL:
2025-09-10 13:41:24 [DEBUG]: SQL:
2025-09-10 13:41:24 [DEBUG]: SQL:
2025-09-10 13:41:24 [DEBUG]: SQL:
2025-09-10 13:41:24 [DEBUG]: SQL:
2025-09-10 13:41:24 [DEBUG]: SQL:
2025-09-10 13:41:24 [DEBUG]: SQL:
2025-09-10 13:41:24 [DEBUG]: SQL:
2025-09-10 13:41:24 [DEBUG]: SQL:
2025-09-10 13:41:24 [DEBUG]: SQL:
2025-09-10 13:41:24 [DEBUG]: SQL:
2025-09-10 13:41:24 [DEBUG]: SQL:
2025-09-10 13:41:24 [DEBUG]: SQL:
2025-09-10 13:41:24 [DEBUG]: SQL:
2025-09-10 13:41:24 [DEBUG]: SQL:
2025-09-10 13:41:24 [DEBUG]: SQL:
2025-09-10 13:41:24 [DEBUG]: SQL:
2025-09-10 13:41:24 [DEBUG]: SQL:
2025-09-10 13:41:24 [DEBUG]: SQL:
2025-09-10 13:41:24 [DEBUG]: SQL:
2025-09-10 13:41:24 [DEBUG]: SQL:
2025-09-10 13:41:24 [DEBUG]: SQL:
2025-09-10 13:41:24 [DEBUG]: SQL:
2025-09-10 13:41:24 [DEBUG]: SQL:
2025-09-10 13:41:24 [DEBUG]: SQL:
2025-09-10 13:41:24 [DEBUG]: SQL:
2025-09-10 13:41:24 [DEBUG]: SQL:
2025-09-10 13:41:24 [DEBUG]: SQL:
2025-09-10 13:41:24 [DEBUG]: SQL:
2025-09-10 13:41:24 [DEBUG]: SQL:
2025-09-10 13:41:24 [DEBUG]: SQL:
2025-09-10 13:41:24 [DEBUG]: SQL:
2025-09-10 13:41:24 [DEBUG]: SQL:
2025-09-10 13:41:24 [DEBUG]: SQL:
2025-09-10 13:41:24 [DEBUG]: SQL:
2025-09-10 13:41:24 [DEBUG]: SQL:
2025-09-10 13:41:24 [DEBUG]: SQL:
2025-09-10 13:41:24 [DEBUG]: SQL:
2025-09-10 13:41:24 [DEBUG]: SQL:
2025-09-10 13:41:24 [DEBUG]: SQL:
2025-09-10 13:41:24 [DEBUG]: SQL:
2025-09-10 13:41:24 [DEBUG]: SQL:
2025-09-10 13:41:24 [DEBUG]: SQL:
2025-09-10 13:41:24 [DEBUG]: SQL:
2025-09-10 13:41:24 [DEBUG]: SQL:
2025-09-10 13:41:24 [DEBUG]: SQL:
2025-09-10 13:41:24 [DEBUG]: SQL:
2025-09-10 13:41:24 [DEBUG]: SQL:
2025-09-10 13:41:24 [DEBUG]: SQL:
2025-09-10 13:41:24 [DEBUG]: SQL:
2025-09-10 13:41:24 [DEBUG]: SQL:
2025-09-10 13:41:24 [DEBUG]: SQL:
2025-09-10 13:41:24 [DEBUG]: SQL:
2025-09-10 13:41:24 [INFO]: ✅ Datos iniciales insertados en SQLite
2025-09-10 13:41:24 [INFO]: ✅ SQLite inicializado correctamente
2025-09-10 13:41:24 [INFO]: Base de datos inicializada (sqlite)
2025-09-10 13:41:24 [INFO]: 🚀 Servidor iniciado en http://localhost:3000
2025-09-10 13:41:24 [INFO]: 📊 Modo: development
2025-09-10 13:41:24 [INFO]: 🗄️  Base de datos: sqlite
2025-09-10 13:41:24 [INFO]: 📁 Archivos estáticos: C:\Users\anton\Documents\GitHub\proyecto-grupo-7\nodejs-sistema-espacios\public
2025-09-10 13:41:24 [INFO]: 🔍 Health check: http://localhost:3000/health
2025-09-10 13:41:24 [INFO]: 🏠 Dashboard: http://localhost:3000/dashboard
